2025-05-05 15:05:16,105 - INFO - [31m[1mWARNING: This is a development server. Do not use it in a production deployment. Use a production WSGI server instead.[0m
 * Running on http://127.0.0.1:3000
2025-05-05 15:05:16,105 - INFO - [33mPress CTRL+C to quit[0m
2025-05-05 15:05:16,106 - INFO -  * Restarting with stat
2025-05-05 15:05:17,163 - WARNING -  * Debugger is active!
2025-05-05 15:05:17,168 - INFO -  * Debugger PIN: 875-855-456
2025-05-05 15:05:24,562 - INFO - 127.0.0.1 - - [05/May/2025 15:05:24] "GET / HTTP/1.1" 200 -
2025-05-05 15:05:28,387 - INFO - 127.0.0.1 - - [05/May/2025 15:05:28] "GET / HTTP/1.1" 200 -
2025-05-05 15:05:37,464 - INFO - patching driver executable C:\Users\Diseño\appdata\roaming\undetected_chromedriver\undetected_chromedriver.exe
2025-05-05 15:05:41,021 - INFO - \U0001f6a8 Por favor, resuelve el CAPTCHA manualmente.
2025-05-05 15:05:41,030 - INFO - CAPTCHA resuelto, continuando con la consulta.
2025-05-05 15:05:41,031 - INFO - ----Consultando NIT: 860026620
2025-05-05 15:05:56,288 - ERROR - \u274c Error con NIT 860026620: Message: 
Stacktrace:
	GetHandleVerifier [0x00D6FBD3+61635]
	GetHandleVerifier [0x00D6FC14+61700]
	(No symbol) [0x00B905D3]
	(No symbol) [0x00BD899E]
	(No symbol) [0x00BD8D3B]
	(No symbol) [0x00C20E12]
	(No symbol) [0x00BFD2E4]
	(No symbol) [0x00C1E61B]
	(No symbol) [0x00BFD096]
	(No symbol) [0x00BCC840]
	(No symbol) [0x00BCD6A4]
	GetHandleVerifier [0x00FB7043+2450739]
	GetHandleVerifier [0x00FB27C6+2432182]
	GetHandleVerifier [0x00FCD50E+2542078]
	GetHandleVerifier [0x00D86895+155013]
	GetHandleVerifier [0x00D8CF7D+181357]
	GetHandleVerifier [0x00D77428+92440]
	GetHandleVerifier [0x00D775D0+92864]
	GetHandleVerifier [0x00D61FC0+5296]
	BaseThreadInitThunk [0x758DFCC9+25]
	RtlGetAppContainerNamedObjectPath [0x76ED82AE+286]
	RtlGetAppContainerNamedObjectPath [0x76ED827E+238]

2025-05-05 15:05:58,600 - INFO - ----Consultando NIT: 830027960
2025-05-05 15:06:13,846 - ERROR - \u274c Error con NIT 830027960: Message: 
Stacktrace:
	GetHandleVerifier [0x00D6FBD3+61635]
	GetHandleVerifier [0x00D6FC14+61700]
	(No symbol) [0x00B905D3]
	(No symbol) [0x00BD899E]
	(No symbol) [0x00BD8D3B]
	(No symbol) [0x00C20E12]
	(No symbol) [0x00BFD2E4]
	(No symbol) [0x00C1E61B]
	(No symbol) [0x00BFD096]
	(No symbol) [0x00BCC840]
	(No symbol) [0x00BCD6A4]
	GetHandleVerifier [0x00FB7043+2450739]
	GetHandleVerifier [0x00FB27C6+2432182]
	GetHandleVerifier [0x00FCD50E+2542078]
	GetHandleVerifier [0x00D86895+155013]
	GetHandleVerifier [0x00D8CF7D+181357]
	GetHandleVerifier [0x00D77428+92440]
	GetHandleVerifier [0x00D775D0+92864]
	GetHandleVerifier [0x00D61FC0+5296]
	BaseThreadInitThunk [0x758DFCC9+25]
	RtlGetAppContainerNamedObjectPath [0x76ED82AE+286]
	RtlGetAppContainerNamedObjectPath [0x76ED827E+238]

2025-05-05 15:06:16,168 - INFO - ----Consultando NIT: 860002964
2025-05-05 15:06:19,274 - ERROR - \u274c Error con NIT 860002964: Message: no such window: target window already closed
from unknown error: web view not found
  (Session info: chrome=136.0.7103.48)
Stacktrace:
	GetHandleVerifier [0x00D6FBD3+61635]
	GetHandleVerifier [0x00D6FC14+61700]
	(No symbol) [0x00B905D3]
	(No symbol) [0x00B6FBC9]
	(No symbol) [0x00C03CBE]
	(No symbol) [0x00C1DF19]
	(No symbol) [0x00BFD096]
	(No symbol) [0x00BCC840]
	(No symbol) [0x00BCD6A4]
	GetHandleVerifier [0x00FB7043+2450739]
	GetHandleVerifier [0x00FB27C6+2432182]
	GetHandleVerifier [0x00FCD50E+2542078]
	GetHandleVerifier [0x00D86895+155013]
	GetHandleVerifier [0x00D8CF7D+181357]
	GetHandleVerifier [0x00D77428+92440]
	GetHandleVerifier [0x00D775D0+92864]
	GetHandleVerifier [0x00D61FC0+5296]
	BaseThreadInitThunk [0x758DFCC9+25]
	RtlGetAppContainerNamedObjectPath [0x76ED82AE+286]
	RtlGetAppContainerNamedObjectPath [0x76ED827E+238]

2025-05-05 15:06:19,298 - INFO - 127.0.0.1 - - [05/May/2025 15:06:19] "[35m[1mPOST /procesar HTTP/1.1[0m" 500 -
2025-05-05 15:06:19,339 - INFO - 127.0.0.1 - - [05/May/2025 15:06:19] "GET /procesar?__debugger__=yes&cmd=resource&f=style.css HTTP/1.1" 200 -
2025-05-05 15:06:19,386 - INFO - 127.0.0.1 - - [05/May/2025 15:06:19] "GET /procesar?__debugger__=yes&cmd=resource&f=debugger.js HTTP/1.1" 200 -
2025-05-05 15:06:19,407 - INFO - 127.0.0.1 - - [05/May/2025 15:06:19] "GET /procesar?__debugger__=yes&cmd=resource&f=console.png&s=F37sSgdQtM1uMSx9iS18 HTTP/1.1" 200 -
2025-05-05 15:06:19,439 - INFO - 127.0.0.1 - - [05/May/2025 15:06:19] "GET /procesar?__debugger__=yes&cmd=resource&f=console.png HTTP/1.1" 200 -
2025-05-05 15:06:56,591 - INFO -  * Detected change in 'C:\\Users\\Diseño\\Documents\\Ado\\Consulta_dian_web\\scraping.py', reloading
2025-05-05 15:06:56,684 - INFO -  * Restarting with stat
2025-05-05 15:07:13,324 - INFO -  * Restarting with stat
2025-05-05 15:07:15,568 - INFO -  * Restarting with stat
2025-05-05 15:07:28,073 - INFO -  * Restarting with stat
2025-05-05 15:11:57,588 - INFO -  * Restarting with stat
2025-05-05 15:16:10,404 - INFO -  * Restarting with stat
2025-05-05 15:16:26,061 - INFO -  * Restarting with stat
2025-05-05 15:16:30,368 - INFO -  * Restarting with stat
